\BOOKMARK [1][-]{section.0.1}{Introduction}{}% 1
\BOOKMARK [1][-]{section.0.2}{Empirical Findings}{}% 2
\BOOKMARK [2][-]{subsection.0.2.1}{Methodology}{section.0.2}% 3
\BOOKMARK [3][-]{subsubsection.0.2.1.1}{Phase Definitions}{subsection.0.2.1}% 4
\BOOKMARK [3][-]{subsubsection.0.2.1.2}{Data Collection Protocol}{subsection.0.2.1}% 5
\BOOKMARK [2][-]{subsection.0.2.2}{Results}{section.0.2}% 6
\BOOKMARK [3][-]{subsubsection.0.2.2.1}{Phase Distribution}{subsection.0.2.2}% 7
\BOOKMARK [3][-]{subsubsection.0.2.2.2}{Statistical Analysis}{subsection.0.2.2}% 8
\BOOKMARK [3][-]{subsubsection.0.2.2.3}{The 9.7\045 Transformation Bottleneck}{subsection.0.2.2}% 9
\BOOKMARK [1][-]{section.0.3}{Proposed Geometric Interpretation}{}% 10
\BOOKMARK [2][-]{subsection.0.3.1}{Theoretical Framework}{section.0.3}% 11
\BOOKMARK [3][-]{subsubsection.0.3.1.1}{Geometric Mapping Hypothesis}{subsection.0.3.1}% 12
\BOOKMARK [2][-]{subsection.0.3.2}{Theoretical Justification}{section.0.3}% 13
\BOOKMARK [3][-]{subsubsection.0.3.2.1}{Biological Precedent}{subsection.0.3.2}% 14
\BOOKMARK [3][-]{subsubsection.0.3.2.2}{Mathematical Considerations}{subsection.0.3.2}% 15
\BOOKMARK [3][-]{subsubsection.0.3.2.3}{The Pentagonal Bottleneck}{subsection.0.3.2}% 16
\BOOKMARK [1][-]{section.0.4}{Testable Predictions}{}% 17
\BOOKMARK [2][-]{subsection.0.4.1}{Primary Predictions}{section.0.4}% 18
\BOOKMARK [2][-]{subsection.0.4.2}{Validation Protocol}{section.0.4}% 19
\BOOKMARK [1][-]{section.0.5}{Preliminary Evidence}{}% 20
\BOOKMARK [2][-]{subsection.0.5.1}{Information-Theoretic Analysis}{section.0.5}% 21
\BOOKMARK [2][-]{subsection.0.5.2}{Stability Analysis}{section.0.5}% 22
\BOOKMARK [1][-]{section.0.6}{Related Work}{}% 23
\BOOKMARK [1][-]{section.0.7}{Discussion}{}% 24
\BOOKMARK [2][-]{subsection.0.7.1}{Implications}{section.0.7}% 25
\BOOKMARK [2][-]{subsection.0.7.2}{Alternative Interpretations}{section.0.7}% 26
\BOOKMARK [2][-]{subsection.0.7.3}{Limitations}{section.0.7}% 27
\BOOKMARK [1][-]{section.0.8}{Future Work}{}% 28
\BOOKMARK [1][-]{section.0.9}{Conclusion}{}% 29
